2019-03-22 20:28:40,044 burr qwebsockets-1.0-SNAPSHOT-runner.jar[65867] WARN  [io.und.web.jsr] (main) UT026010: Buffer pool was not set on WebSocketDeploymentInfo, the default pool will be used
2019-03-22 20:28:40,087 burr qwebsockets-1.0-SNAPSHOT-runner.jar[65867] INFO  [io.und.web.jsr] (main) UT026003: Adding annotated server endpoint class org.acme.websocket.ChatSocket for path /
2019-03-22 20:28:40,171 burr qwebsockets-1.0-SNAPSHOT-runner.jar[65867] DEBUG [org.xnio] (main) XNIO version 3.6.5.Final
2019-03-22 20:28:40,185 burr qwebsockets-1.0-SNAPSHOT-runner.jar[65867] DEBUG [org.xni.nio] (main) XNIO NIO Implementation Version 3.6.5.Final
2019-03-22 20:28:40,303 burr qwebsockets-1.0-SNAPSHOT-runner.jar[65867] DEBUG [org.jbo.threads] (main) JBoss Threads version 3.0.0.Alpha4
2019-03-22 20:28:40,375 burr qwebsockets-1.0-SNAPSHOT-runner.jar[65867] INFO  [io.quarkus] (main) Quarkus 0.11.0 started in 0.528s. Listening on: http://127.0.0.1:8080
2019-03-22 20:28:40,375 burr qwebsockets-1.0-SNAPSHOT-runner.jar[65867] INFO  [io.quarkus] (main) Installed features: [cdi, undertow-websockets]
2019-03-22 20:28:51,938 burr qwebsockets-1.0-SNAPSHOT-runner.jar[65867] INFO  [io.quarkus] (main) Quarkus stopped in 0.011s
2019-03-23 08:47:12,746 burr qwebsockets-1.0-SNAPSHOT-runner[67411] INFO  [io.quarkus] (main) Quarkus 0.12.0 started in 0.007s. Listening on: http://[::]:8080
2019-03-23 08:47:12,748 burr qwebsockets-1.0-SNAPSHOT-runner[67411] INFO  [io.quarkus] (main) Installed features: [cdi, undertow-websockets]
2019-03-23 08:47:16,467 burr qwebsockets-1.0-SNAPSHOT-runner[67411] INFO  [org.acm.web.WebSocket] (XNIO-1 task-1) onOpen
2019-03-23 08:47:19,189 burr qwebsockets-1.0-SNAPSHOT-runner[67411] INFO  [org.acm.web.WebSocket] (XNIO-1 task-1) onOpen
2019-03-23 08:47:21,118 burr qwebsockets-1.0-SNAPSHOT-runner[67411] INFO  [org.acm.web.WebSocket] (XNIO-1 I/O-7) {"orientation":[[1.10164,52.37387,-1.65828,1553345241031],[2.59796,52.17829,-3.71296,1553345241046],[3.24232,52.03641,-4.39369,1553345241079],[3.56624,51.52676,-5.08838,1553345241113]],"motion":[[0.2916,0.02584,-1.21014,4.59246,1.51504,2.82815,1553345240869],[-0.5272,0.28854,-0.36012,-12.93899,-21.65498,10.46435,1553345241029],[-0.736,0.55491,-0.46616,-13.30458,-9.72849,10.79274,1553345241046],[-0.6928,0.70283,-0.39984,-13.17277,0.88312,8.5815,1553345241063],[-0.54191,0.75398,-0.6194,-7.96963,-0.40891,6.66061,1553345241079],[-0.4693,0.74206,-1.03571,8.06865,-13.86162,3.21849,1553345241096],[-0.33934,0.65617,-0.95566,19.91275,-22.04396,3.10843,1553345241113]]}
2019-03-23 08:47:21,336 burr qwebsockets-1.0-SNAPSHOT-runner[67411] INFO  [org.acm.web.WebSocket] (XNIO-1 I/O-7) {"orientation":[[4.44203,51.08898,-6.50022,1553345241129],[5.13611,50.92712,-7.76047,1553345241146],[5.35474,50.88945,-8.30711,1553345241162],[5.28833,50.1275,-8.52305,1553345241179],[4.60957,49.46695,-8.00399,1553345241212],[4.51495,48.95461,-7.88441,1553345241245],[4.69411,49.79949,-8.80989,1553345241296],[4.33717,50.14434,-8.16488,1553345241363]],"motion":[[-0.03142,0.36916,-0.49629,28.19197,-25.47882,3.65877,1553345241129],[-0.214,0.26524,-0.29844,30.52477,-23.90106,4.67822,1553345241146],[-0.17852,0.32118,-0.28961,24.54018,-24.35236,2.8443,1553345241162],[0.12746,0.32174,-0.03383,13.06131,-20.25812,-1.86327,1553345241179],[0.07104,0.145,0.84754,0.55979,-3.19788,-6.80579,1553345241196],[-0.08762,0.12246,0.95021,-8.96757,4.72439,-6.07829,1553345241212],[-0.18069,-0.1917,0.66935,-12.33714,6.68214,-3.12692,1553345241229],[-0.05173,-0.22213,-0.06811,-3.2462,-5.29971,-0.81706,1553345241245],[-0.02204,-0.10576,-0.3036,5.69661,-15.40396,-0.29872,1553345241263],[-0.10254,0.02603,-0.35256,9.46085,-17.94356,-0.07436,1553345241279],[-0.19053,0.12162,0.04685,4.36162,-9.22542,-1.05344,1553345241296],[-0.21306,0.16089,0.29987,1.67455,1.29512,-2.8431,1553345241313],[-0.19333,0.22794,0.53342,3.05423,8.4723,-5.00617,1553345241329],[-0.17236,0.15927,0.27146,8.78749,11.45985,-6.37358,1553345241346],[-0.17286,0.14791,0.07039,13.65903,8.65448,-7.17877,1553345241363]]}
2019-03-23 08:47:21,666 burr qwebsockets-1.0-SNAPSHOT-runner[67411] INFO  [org.acm.web.WebSocket] (XNIO-1 I/O-7) {"orientation":[[4.27926,50.74732,-8.09384,1553345241413],[3.74087,51.18131,-7.95534,1553345241546]],"motion":[[-0.07348,0.08146,-0.09056,14.0542,4.79014,-8.10123,1553345241379],[-0.10276,0.01937,0.19739,9.25638,3.50566,-6.6935,1553345241396],[-0.08344,-0.02893,0.32311,7.63182,1.76709,-4.90758,1553345241413],[0.15285,-0.17061,-0.05206,5.43654,-1.55132,-2.73648,1553345241429],[0.04022,-0.06709,-0.05505,3.34107,-2.93652,-2.66165,1553345241446],[-0.02973,0.03078,-0.06399,1.99808,-3.29877,-3.45149,1553345241463],[-0.0386,0.06879,-0.10012,1.62433,-5.14465,-4.9505,1553345241479],[-0.11984,-0.02863,-0.05284,2.6585,-5.64276,-4.8808,1553345241495],[-0.09344,-0.03139,0.13288,2.86772,-2.27055,-3.70691,1553345241513],[0.01107,-0.02353,0.25964,2.30876,2.74766,-3.6528,1553345241529],[-0.07485,0.09387,0.41426,3.73471,10.00461,-3.98961,1553345241546],[-0.08215,0.06105,0.37211,5.3772,10.30989,-2.5284,1553345241563],[-0.13354,0.02454,0.23806,6.57491,8.78204,-1.40927,1553345241580],[-0.05525,-0.02195,0.01633,6.16439,5.37161,-0.57314,1553345241596],[-0.01908,0.00816,-0.04289,4.95233,6.29796,-0.77071,1553345241613]]}
2019-03-23 08:47:21,837 burr qwebsockets-1.0-SNAPSHOT-runner[67411] INFO  [org.acm.web.WebSocket] (XNIO-1 I/O-7) {"orientation":[[3.79973,51.67426,-7.44683,1553345241630],[3.77391,51.85312,-6.85826,1553345241679],[3.78835,52.08938,-6.34806,1553345241746]],"motion":[[0.03925,0.06537,0.15894,3.94146,8.37727,-1.59221,1553345241629],[0.01397,0.00961,0.14613,2.58295,12.16991,-2.55898,1553345241646],[-0.01793,0.02863,0.22098,1.87149,14.62581,-2.16669,1553345241663],[-0.08471,-0.01534,0.21227,2.58444,13.77803,-0.75307,1553345241679],[0.02833,-0.01167,0.12784,4.74584,9.90649,-0.75807,1553345241696],[0.05461,-0.01963,0.02749,3.92424,7.40791,-0.7256,1553345241713],[0.11659,0.00647,-0.04674,1.76426,5.22243,-1.24937,1553345241730],[0.17317,-0.07423,-0.00337,0.16372,4.69263,-0.75848,1553345241746],[0.25595,-0.03332,0.05739,0.82048,3.28197,-0.61658,1553345241763],[0.05263,0.00053,0.17623,0.33739,3.77422,-0.74594,1553345241779],[-0.01107,0.04021,0.28631,-1.06648,4.71256,0.03044,1553345241796],[-0.01086,0.0631,0.31987,-1.50961,3.62045,0.40942,1553345241813]]}
2019-03-23 08:47:22,177 burr qwebsockets-1.0-SNAPSHOT-runner[67411] INFO  [org.acm.web.WebSocket] (XNIO-1 I/O-7) {"orientation":[[3.74951,51.96482,-5.80609,1553345241913]],"motion":[[0.03725,0.08484,0.11177,-3.53096,3.14749,0.10687,1553345241879],[0.0399,0.04257,0.12878,-4.37722,4.44344,0.51425,1553345241896],[0.00567,0.00393,0.18384,-3.37725,6.01793,0.00824,1553345241913],[-0.05992,0.01051,0.14856,-0.21583,4.21619,0.09973,1553345241930],[0.12091,0.00211,0.0505,-3.99705,-0.08351,0.51416,1553345241996],[0.09732,-0.03791,-0.09468,-4.41738,0.65389,0.50349,1553345242012],[0.03301,-0.05395,-0.15471,-1.08863,-3.04918,0.13329,1553345242029],[-0.05637,0.02765,-0.06353,4.57695,-4.99371,0.53651,1553345242046],[-0.0187,0.07542,0.07508,6.48583,-3.35527,1.12791,1553345242063],[-0.06773,0.06763,0.30675,5.18728,1.05751,1.06667,1553345242079],[0.01672,0.10592,0.23794,2.64362,3.46521,1.02936,1553345242096]]}
2019-03-23 08:47:22,355 burr qwebsockets-1.0-SNAPSHOT-runner[67411] INFO  [org.acm.web.WebSocket] (XNIO-1 task-1) onOpen
2019-03-23 08:47:22,358 burr qwebsockets-1.0-SNAPSHOT-runner[67411] INFO  [org.acm.web.WebSocket] (XNIO-1 I/O-7) {"orientation":[[4.07437,52.58911,-6.2484,1553345242180],[3.8755,53.35908,-6.49863,1553345242229],[3.64176,54.0234,-6.57832,1553345242279],[3.64311,54.01243,-5.93688,1553345242346]],"motion":[[0.10381,0.07217,0.17757,2.61699,1.08315,1.18269,1553345242129],[0.07424,0.09351,0.16508,5.02601,-2.17511,1.59644,1553345242146],[0.08808,0.06118,0.04057,9.03191,-6.07558,0.49939,1553345242163],[0.08161,0.17151,-0.0405,12.69104,-9.74991,-2.67224,1553345242179],[0.08809,0.15024,0.09118,15.68657,-10.64285,-3.50676,1553345242196],[0.08972,0.25449,0.08817,15.41898,-7.46728,-4.03668,1553345242213],[0.02808,0.13206,0.02715,15.98522,-6.50113,-4.65736,1553345242229],[0.06537,0.03887,-0.18145,17.80431,-8.604,-5.35652,1553345242246],[-0.03509,-0.03752,-0.20339,15.6254,-5.82542,-4.66708,1553345242263],[-0.29545,-0.08762,0.00882,9.58109,-1.88147,-1.26045,1553345242279],[-0.27977,-0.07859,0.104,1.09652,7.08009,0.42999,1553345242296],[-0.06709,0.04116,0.26573,-0.99343,11.12413,-0.54166,1553345242312],[0.02659,0.0375,0.17869,-1.33654,13.69878,-0.15016,1553345242329],[-0.02542,0.04939,0.1257,-1.09672,13.14517,-0.26413,1553345242346],[-0.03386,0.02136,0.0779,0.35538,12.46993,0.78332,1553345242363]]}
2019-03-23 08:47:22,722 burr qwebsockets-1.0-SNAPSHOT-runner[67411] INFO  [org.acm.web.WebSocket] (XNIO-1 I/O-7) {"orientation":[[3.86672,54.31242,-5.42697,1553345242446],[3.65618,53.76617,-5.17001,1553345242513]],"motion":[[-0.03336,0.10571,0.19333,3.38842,10.05759,0.82173,1553345242379],[-0.00414,0.14707,0.20299,5.6252,7.90172,1.2814,1553345242396],[0.11756,0.07421,0.24769,5.5503,5.93776,0.45457,1553345242413],[0.08721,-0.03068,0.11388,-3.48783,0.8781,-0.59384,1553345242446],[0.14062,-0.07351,0.12953,-8.38909,0.3764,-0.41486,1553345242463],[0.13645,-0.08226,0.14583,-10.40057,1.06776,-0.42828,1553345242478],[0.04218,0.05663,0.0463,-10.49876,2.33945,-1.6635,1553345242496],[-0.03746,0.10177,0.02777,-6.8556,0.60443,-0.59735,1553345242512],[-0.04366,0.09966,-0.00701,0.84502,-5.1436,0.34787,1553345242529],[-0.02766,0.0631,0.03376,2.73624,-4.65987,1.56361,1553345242546],[-0.08225,0.03876,0.28862,-2.0883,7.48653,1.33147,1553345242579],[-0.1429,0.15825,0.12468,-1.68013,10.77602,0.61874,1553345242596],[-0.181,0.12178,0.01129,-0.48893,12.77271,-0.2579,1553345242613]]}
2019-03-23 08:47:28,047 burr qwebsockets-1.0-SNAPSHOT-runner[67411] INFO  [org.acm.web.WebSocket] (main) onClose
2019-03-23 08:47:28,047 burr qwebsockets-1.0-SNAPSHOT-runner[67411] INFO  [org.acm.web.WebSocket] (main) onClose
2019-03-23 08:47:28,047 burr qwebsockets-1.0-SNAPSHOT-runner[67411] INFO  [org.acm.web.WebSocket] (main) onClose
2019-03-23 08:47:28,048 burr qwebsockets-1.0-SNAPSHOT-runner[67411] ERROR [org.xni.listener] (XNIO-1 I/O-7) XNIO001007: A channel event listener threw an exception: java.util.concurrent.RejectedExecutionException: XNIO007007: Thread is terminating
	at org.xnio.nio.WorkerThread.execute(WorkerThread.java:620)
	at io.undertow.websockets.jsr.UndertowSession$3.handleEvent(UndertowSession.java:396)
	at io.undertow.websockets.jsr.UndertowSession$3.handleEvent(UndertowSession.java:388)
	at org.xnio.ChannelListeners.invokeChannelListener(ChannelListeners.java:92)
	at io.undertow.server.protocol.framed.AbstractFramedChannel$FrameCloseListener.handleEvent(AbstractFramedChannel.java:1061)
	at io.undertow.server.protocol.framed.AbstractFramedChannel$FrameCloseListener.handleEvent(AbstractFramedChannel.java:975)
	at org.xnio.ChannelListeners.invokeChannelListener(ChannelListeners.java:92)
	at org.xnio.conduits.ReadReadyHandler$ChannelListenerHandler.terminated(ReadReadyHandler.java:71)
	at org.xnio.nio.NioSocketConduit.readTerminated(NioSocketConduit.java:332)
	at org.xnio.nio.NioSocketConduit.terminateReads(NioSocketConduit.java:325)
	at io.undertow.conduits.IdleTimeoutConduit.terminateReads(IdleTimeoutConduit.java:236)
	at org.xnio.conduits.ConduitStreamSourceChannel.close(ConduitStreamSourceChannel.java:168)
	at org.xnio.IoUtils.safeClose(IoUtils.java:152)
	at org.xnio.conduits.ReadReadyHandler$ChannelListenerHandler.forceTermination(ReadReadyHandler.java:58)
	at org.xnio.nio.NioSocketConduit.forceTermination(NioSocketConduit.java:106)
	at org.xnio.nio.WorkerThread.run(WorkerThread.java:507)
	at com.oracle.svm.core.thread.JavaThreads.threadStartRoutine(JavaThreads.java:481)
	at com.oracle.svm.core.posix.thread.PosixJavaThreads.pthreadStartRoutine(PosixJavaThreads.java:193)

2019-03-23 08:47:28,048 burr qwebsockets-1.0-SNAPSHOT-runner[67411] ERROR [org.xni.listener] (XNIO-1 I/O-8) XNIO001007: A channel event listener threw an exception: java.util.concurrent.RejectedExecutionException: XNIO007007: Thread is terminating
	at org.xnio.nio.WorkerThread.execute(WorkerThread.java:620)
	at io.undertow.websockets.jsr.UndertowSession$3.handleEvent(UndertowSession.java:396)
	at io.undertow.websockets.jsr.UndertowSession$3.handleEvent(UndertowSession.java:388)
	at org.xnio.ChannelListeners.invokeChannelListener(ChannelListeners.java:92)
	at io.undertow.server.protocol.framed.AbstractFramedChannel$FrameCloseListener.handleEvent(AbstractFramedChannel.java:1061)
	at io.undertow.server.protocol.framed.AbstractFramedChannel$FrameCloseListener.handleEvent(AbstractFramedChannel.java:975)
	at org.xnio.ChannelListeners.invokeChannelListener(ChannelListeners.java:92)
	at org.xnio.conduits.ReadReadyHandler$ChannelListenerHandler.terminated(ReadReadyHandler.java:71)
	at org.xnio.nio.NioSocketConduit.readTerminated(NioSocketConduit.java:332)
	at org.xnio.nio.NioSocketConduit.terminateReads(NioSocketConduit.java:325)
	at io.undertow.conduits.IdleTimeoutConduit.terminateReads(IdleTimeoutConduit.java:236)
	at org.xnio.conduits.ConduitStreamSourceChannel.close(ConduitStreamSourceChannel.java:168)
	at org.xnio.IoUtils.safeClose(IoUtils.java:152)
	at org.xnio.conduits.ReadReadyHandler$ChannelListenerHandler.forceTermination(ReadReadyHandler.java:58)
	at org.xnio.nio.NioSocketConduit.forceTermination(NioSocketConduit.java:106)
	at org.xnio.nio.WorkerThread.run(WorkerThread.java:507)
	at com.oracle.svm.core.thread.JavaThreads.threadStartRoutine(JavaThreads.java:481)
	at com.oracle.svm.core.posix.thread.PosixJavaThreads.pthreadStartRoutine(PosixJavaThreads.java:193)

2019-03-23 08:47:28,056 burr qwebsockets-1.0-SNAPSHOT-runner[67411] INFO  [io.quarkus] (main) Quarkus stopped in 0.009s
2019-03-23 10:12:07,486 burr qwebsockets-1.0-SNAPSHOT-runner.jar[72668] WARN  [io.und.web.jsr] (main) UT026010: Buffer pool was not set on WebSocketDeploymentInfo, the default pool will be used
2019-03-23 10:12:07,496 burr qwebsockets-1.0-SNAPSHOT-runner.jar[72668] INFO  [io.und.web.jsr] (main) UT026003: Adding annotated server endpoint class org.acme.websocket.WebSocket for path /
2019-03-23 10:12:07,705 burr qwebsockets-1.0-SNAPSHOT-runner.jar[72668] DEBUG [org.xnio] (main) XNIO version 3.7.0.Final
2019-03-23 10:12:07,718 burr qwebsockets-1.0-SNAPSHOT-runner.jar[72668] DEBUG [org.xni.nio] (main) XNIO NIO Implementation Version 3.7.0.Final
2019-03-23 10:12:07,833 burr qwebsockets-1.0-SNAPSHOT-runner.jar[72668] DEBUG [org.jbo.threads] (main) JBoss Threads version 3.0.0.Alpha4
2019-03-23 10:12:07,893 burr qwebsockets-1.0-SNAPSHOT-runner.jar[72668] INFO  [io.quarkus] (main) Quarkus 0.12.0 started in 0.601s. Listening on: http://[::]:8080
2019-03-23 10:12:07,894 burr qwebsockets-1.0-SNAPSHOT-runner.jar[72668] INFO  [io.quarkus] (main) Installed features: [cdi, resteasy, undertow-websockets]
2019-03-23 10:12:15,451 burr qwebsockets-1.0-SNAPSHOT-runner.jar[72668] INFO  [org.acm.web.WebSocket] (XNIO-1 task-1) onOpen
2019-03-23 10:12:15,903 burr qwebsockets-1.0-SNAPSHOT-runner.jar[72668] INFO  [org.acm.web.WebSocket] (XNIO-1 task-1) onOpen
2019-03-23 10:12:17,710 burr qwebsockets-1.0-SNAPSHOT-runner.jar[72668] INFO  [org.acm.web.WebSocket] (XNIO-1 I/O-12) {"orientation":[[16.01267,57.26927,-18.64643,1553350337626],[15.22572,56.48267,-17.63728,1553350337642],[14.20374,56.1104,-16.31972,1553350337659],[12.49653,55.9503,-14.11801,1553350337674],[10.36231,55.88426,-11.32843,1553350337692],[9.33947,55.69837,-9.99843,1553350337709]],"motion":[[0.01341,0.14543,-0.82024,28.04572,9.57604,-0.16252,1553350337462],[1.67107,1.20896,0.18163,-33.87875,17.32134,-10.26198,1553350337625],[1.46895,1.10127,-0.27441,-30.50844,14.385,-7.41417,1553350337642],[1.34005,1.03883,-0.38784,-26.51775,17.11591,-5.6756,1553350337658],[0.91271,0.85054,-1.10267,-22.60213,17.57346,-5.1252,1553350337674],[0.71995,0.5376,-1.2721,-16.11828,13.43874,-2.98579,1553350337692],[0.56418,0.44579,-1.28152,-10.59275,5.02851,-1.40082,1553350337709]]}
2019-03-23 10:12:17,989 burr qwebsockets-1.0-SNAPSHOT-runner.jar[72668] INFO  [org.acm.web.WebSocket] (XNIO-1 I/O-12) {"orientation":[[8.02916,55.09075,-8.41259,1553350337725],[7.2407,54.26757,-7.48596,1553350337742],[7.05036,53.66201,-7.26782,1553350337759],[6.53773,52.57447,-6.58359,1553350337778],[6.13216,51.80315,-6.02061,1553350337792],[6.70065,51.41816,-6.66933,1553350337892]],"motion":[[0.37813,0.21569,-0.87773,-3.00696,-3.56298,2.26178,1553350337725],[0.22211,0.26202,-0.62281,-0.22344,-5.10014,3.93256,1553350337742],[0.04051,0.16274,-0.38125,-1.29243,-2.34289,3.5892,1553350337759],[-0.25298,0.12001,-0.06606,-3.07534,1.75872,2.55653,1553350337777],[-0.07694,0.08281,0.16817,0.39709,3.34037,-0.86789,1553350337925],[-0.00865,0.08168,0.16152,-0.64364,3.22736,-0.9295,1553350337942]]}
2019-03-23 10:12:18,353 burr qwebsockets-1.0-SNAPSHOT-runner.jar[72668] INFO  [org.acm.web.WebSocket] (XNIO-1 I/O-12) {"orientation":[[7.18173,51.63412,-7.17259,1553350338008]],"motion":[[-0.00921,0.05697,-0.03355,2.53584,-1.12242,1.02303,1553350338109],[0.03879,0.06574,-0.06115,0.37975,-3.18888,0.19315,1553350338209]]}
2019-03-23 10:12:18,454 burr qwebsockets-1.0-SNAPSHOT-runner.jar[72668] INFO  [org.acm.web.WebSocket] (XNIO-1 I/O-12) {"orientation":[[7.43774,51.8489,-7.68749,1553350338259],[7.70548,51.98346,-8.1947,1553350338343],[7.88887,52.29555,-8.73075,1553350338376],[8.15945,52.67636,-9.47841,1553350338409],[8.31691,52.94124,-9.99426,1553350338442]],"motion":[[0.00166,0.08117,-0.08035,1.95884,-4.11871,0.39154,1553350338225],[-0.00778,0.06697,-0.03213,2.44991,-4.06352,0.27003,1553350338243],[0.08238,0.07265,0.08891,1.58785,-3.55305,1.5405,1553350338259],[0.11108,0.16028,0.10355,1.52444,-3.85931,1.42261,1553350338274],[0.10201,0.15063,-0.01424,2.61562,-4.35287,1.97963,1553350338292],[0.09599,0.14581,-0.03753,2.67951,-3.36605,2.88029,1553350338309],[-0.00684,0.11307,-0.03527,3.10127,-4.16712,2.64818,1553350338325],[0.0123,0.11109,-0.11945,5.94537,-7.37602,2.3313,1553350338343],[0.08032,0.13564,-0.22632,11.50129,-13.34692,3.39674,1553350338359],[0.07975,0.12278,-0.11094,13.18504,-15.68026,3.9185,1553350338375],[0.05843,0.11118,-0.05428,13.48234,-16.72526,3.62845,1553350338392],[-0.00546,0.04186,0.05523,11.98763,-13.78126,3.22081,1553350338409],[-0.0333,0.0639,0.16758,11.507,-13.41587,2.66706,1553350338425],[0.00093,0.08722,0.00088,14.66229,-16.57232,1.80198,1553350338442],[-0.04415,0.07105,-0.06507,16.95978,-19.40933,1.47901,1553350338459]]}
2019-03-23 10:12:18,763 burr qwebsockets-1.0-SNAPSHOT-runner.jar[72668] INFO  [org.acm.web.WebSocket] (XNIO-1 I/O-12) {"orientation":[[8.47712,53.41743,-10.74022,1553350338476],[8.52895,53.82229,-11.27353,1553350338527],[8.5906,54.40193,-11.92181,1553350338592],[8.73198,54.78883,-12.49587,1553350338626],[9.22934,55.27127,-13.27044,1553350338692]],"motion":[[-0.10658,0.03447,0.05836,14.3586,-17.93438,-0.12964,1553350338476],[-0.25649,-0.14165,0.37835,9.05267,-10.98161,-0.5985,1553350338492],[-0.25199,-0.13628,0.32196,7.55869,-7.48119,-0.40444,1553350338509],[-0.26759,-0.09188,0.17387,8.49167,-5.71317,0.00045,1553350338526],[-0.18453,-0.0411,0.24118,7.58801,-5.28823,-1.10343,1553350338542],[-0.15166,-0.03037,0.25339,5.93989,-6.02001,-2.43718,1553350338559],[-0.04468,0.07016,0.1819,6.21876,-9.27143,-3.3071,1553350338575],[0.0954,0.19074,-0.17427,11.65417,-15.11959,-2.30445,1553350338592],[0.13937,0.22152,-0.242,13.59531,-15.48943,-0.83365,1553350338609],[0.04475,0.14276,0.05273,11.36851,-11.17864,0.20082,1553350338625],[0.01529,0.10126,0.14998,6.71115,-4.88333,1.75199,1553350338641],[0.09247,0.11207,0.2743,4.96458,-1.18508,3.10014,1553350338659],[0.14878,0.15693,-0.09565,9.62932,-5.56993,3.04634,1553350338675],[0.16658,0.18829,-0.13701,15.55348,-11.23618,4.35215,1553350338692],[0.1354,0.16343,0.00385,15.18751,-10.98634,4.53079,1553350338709]]}
2019-03-23 10:12:20,808 burr qwebsockets-1.0-SNAPSHOT-runner.jar[72668] INFO  [org.acm.web.WebSocket] (XNIO-1 I/O-12) onClose
2019-03-23 10:12:22,448 burr qwebsockets-1.0-SNAPSHOT-runner.jar[72668] INFO  [org.acm.web.WebSocket] (main) onClose
2019-03-23 10:12:22,455 burr qwebsockets-1.0-SNAPSHOT-runner.jar[72668] INFO  [io.quarkus] (main) Quarkus stopped in 0.010s
2019-03-23 10:43:24,667 burr qwebsockets-1.0-SNAPSHOT-runner[75557] INFO  [io.quarkus] (main) Quarkus 0.12.0 started in 0.011s. Listening on: http://[::]:8080
2019-03-23 10:43:24,670 burr qwebsockets-1.0-SNAPSHOT-runner[75557] INFO  [io.quarkus] (main) Installed features: [cdi, smallrye-health, undertow-websockets]
2019-03-23 10:43:25,225 burr qwebsockets-1.0-SNAPSHOT-runner[75557] INFO  [org.acm.web.WebSocket] (XNIO-1 task-1) onOpen
2019-03-23 10:43:37,463 burr qwebsockets-1.0-SNAPSHOT-runner[75557] INFO  [org.acm.web.WebSocket] (XNIO-1 I/O-12) 0 {"orientation":[],"motion":[]}
2019-03-23 10:43:37,713 burr qwebsockets-1.0-SNAPSHOT-runner[75557] INFO  [org.acm.web.WebSocket] (XNIO-1 I/O-12) 1 {"orientation":[],"motion":[]}
2019-03-23 10:43:37,964 burr qwebsockets-1.0-SNAPSHOT-runner[75557] INFO  [org.acm.web.WebSocket] (XNIO-1 I/O-12) 2 {"orientation":[],"motion":[]}
2019-03-23 10:43:38,215 burr qwebsockets-1.0-SNAPSHOT-runner[75557] INFO  [org.acm.web.WebSocket] (XNIO-1 I/O-12) 3 {"orientation":[],"motion":[]}
2019-03-23 10:43:38,465 burr qwebsockets-1.0-SNAPSHOT-runner[75557] INFO  [org.acm.web.WebSocket] (XNIO-1 I/O-12) 4 {"orientation":[],"motion":[]}
2019-03-23 10:43:38,716 burr qwebsockets-1.0-SNAPSHOT-runner[75557] INFO  [org.acm.web.WebSocket] (XNIO-1 I/O-12) 5 {"orientation":[],"motion":[]}
2019-03-23 10:43:38,967 burr qwebsockets-1.0-SNAPSHOT-runner[75557] INFO  [org.acm.web.WebSocket] (XNIO-1 I/O-12) 6 {"orientation":[],"motion":[]}
2019-03-23 10:43:39,217 burr qwebsockets-1.0-SNAPSHOT-runner[75557] INFO  [org.acm.web.WebSocket] (XNIO-1 I/O-12) 7 {"orientation":[],"motion":[]}
2019-03-23 10:43:39,467 burr qwebsockets-1.0-SNAPSHOT-runner[75557] INFO  [org.acm.web.WebSocket] (XNIO-1 I/O-12) 8 {"orientation":[],"motion":[]}
2019-03-23 10:43:39,718 burr qwebsockets-1.0-SNAPSHOT-runner[75557] INFO  [org.acm.web.WebSocket] (XNIO-1 I/O-12) 9 {"orientation":[],"motion":[]}
2019-03-23 10:43:39,969 burr qwebsockets-1.0-SNAPSHOT-runner[75557] INFO  [org.acm.web.WebSocket] (XNIO-1 I/O-12) 10 {"orientation":[],"motion":[]}
2019-03-23 10:43:40,219 burr qwebsockets-1.0-SNAPSHOT-runner[75557] INFO  [org.acm.web.WebSocket] (XNIO-1 I/O-12) 11 {"orientation":[],"motion":[]}
2019-03-23 10:43:46,612 burr qwebsockets-1.0-SNAPSHOT-runner[75557] INFO  [org.acm.web.WebSocket] (main) onClose
2019-03-23 10:43:46,613 burr qwebsockets-1.0-SNAPSHOT-runner[75557] ERROR [org.xni.listener] (XNIO-1 I/O-12) XNIO001007: A channel event listener threw an exception: java.util.concurrent.RejectedExecutionException: XNIO007007: Thread is terminating
	at org.xnio.nio.WorkerThread.execute(WorkerThread.java:620)
	at io.undertow.websockets.jsr.UndertowSession$3.handleEvent(UndertowSession.java:396)
	at io.undertow.websockets.jsr.UndertowSession$3.handleEvent(UndertowSession.java:388)
	at org.xnio.ChannelListeners.invokeChannelListener(ChannelListeners.java:92)
	at io.undertow.server.protocol.framed.AbstractFramedChannel$FrameCloseListener.handleEvent(AbstractFramedChannel.java:1061)
	at io.undertow.server.protocol.framed.AbstractFramedChannel$FrameCloseListener.handleEvent(AbstractFramedChannel.java:975)
	at org.xnio.ChannelListeners.invokeChannelListener(ChannelListeners.java:92)
	at org.xnio.conduits.ReadReadyHandler$ChannelListenerHandler.terminated(ReadReadyHandler.java:71)
	at org.xnio.nio.NioSocketConduit.readTerminated(NioSocketConduit.java:332)
	at org.xnio.nio.NioSocketConduit.terminateReads(NioSocketConduit.java:325)
	at io.undertow.conduits.IdleTimeoutConduit.terminateReads(IdleTimeoutConduit.java:236)
	at org.xnio.conduits.ConduitStreamSourceChannel.close(ConduitStreamSourceChannel.java:168)
	at org.xnio.IoUtils.safeClose(IoUtils.java:152)
	at org.xnio.conduits.ReadReadyHandler$ChannelListenerHandler.forceTermination(ReadReadyHandler.java:58)
	at org.xnio.nio.NioSocketConduit.forceTermination(NioSocketConduit.java:106)
	at org.xnio.nio.WorkerThread.run(WorkerThread.java:507)
	at com.oracle.svm.core.thread.JavaThreads.threadStartRoutine(JavaThreads.java:481)
	at com.oracle.svm.core.posix.thread.PosixJavaThreads.pthreadStartRoutine(PosixJavaThreads.java:193)

2019-03-23 10:43:46,614 burr qwebsockets-1.0-SNAPSHOT-runner[75557] INFO  [io.quarkus] (main) Quarkus stopped in 0.001s
